<?xml version="1.0" encoding="UTF-8"?>
<!-- Generated by org.testng.reporters.JUnitReportReporter -->
<testsuite hostname="vasu-PC" name="testng.AnnotationTest1" tests="2" failures="0" timestamp="6 Mar 2018 10:43:39 GMT" time="0.017" errors="0">
  <testcase name="method1" time="0.007" classname="testng.AnnotationTest1"/>
  <testcase name="method2" time="0.010" classname="testng.AnnotationTest1"/>
</testsuite> <!-- testng.AnnotationTest1 -->
