<?xml version="1.0" encoding="UTF-8"?>
<!-- Generated by org.testng.reporters.JUnitReportReporter -->
<testsuite hostname="vasu-PC" name="testng.MultipleTestNgTest" tests="2" failures="0" timestamp="6 Mar 2018 10:43:39 GMT" time="0.012" errors="0">
  <testcase name="appClose" time="0.005" classname="testng.MultipleTestNgTest"/>
  <testcase name="appLogin" time="0.007" classname="testng.MultipleTestNgTest"/>
</testsuite> <!-- testng.MultipleTestNgTest -->
