<?xml version="1.0" encoding="UTF-8"?>
<!-- Generated by org.testng.reporters.JUnitReportReporter -->
<testsuite hostname="vasu-PC" name="testng.AnnotationTest" tests="2" failures="0" timestamp="6 Mar 2018 10:43:39 GMT" time="0.011" errors="0">
  <testcase name="method1" time="0.005" classname="testng.AnnotationTest"/>
  <testcase name="method2" time="0.006" classname="testng.AnnotationTest"/>
</testsuite> <!-- testng.AnnotationTest -->
