<?xml version="1.0" encoding="UTF-8"?>
<!-- Generated by org.testng.reporters.JUnitReportReporter -->
<testsuite hostname="vasu-PC" name="sai.Gmaillogin" tests="1" failures="0" timestamp="5 Mar 2018 18:09:41 GMT" time="3.588" errors="0">
  <testcase name="applogin" time="3.588" classname="sai.Gmaillogin"/>
</testsuite> <!-- sai.Gmaillogin -->
