<?xml version="1.0" encoding="UTF-8"?>
<!-- Generated by org.testng.reporters.JUnitReportReporter -->
<testsuite hostname="vasu-PC" name="testng.AdminLoginTest" tests="1" failures="0" timestamp="6 Mar 2018 10:43:39 GMT" time="10.042" errors="0">
  <testcase name="adminLogin" time="10.042" classname="testng.AdminLoginTest"/>
</testsuite> <!-- testng.AdminLoginTest -->
