<?xml version="1.0" encoding="UTF-8"?>
<!-- Generated by org.testng.reporters.JUnitReportReporter -->
<testsuite hostname="vasu-PC" name="testng.AddEmpTest" tests="1" failures="0" timestamp="7 Mar 2018 10:40:49 GMT" time="6.592" errors="0">
  <testcase name="empAdd" time="6.592" classname="testng.AddEmpTest"/>
</testsuite> <!-- testng.AddEmpTest -->
