<?xml version="1.0" encoding="UTF-8"?>
<!-- Generated by org.testng.reporters.JUnitReportReporter -->
<testsuite hostname="vasu-PC" name="testng.ValidationTest" tests="1" failures="0" timestamp="6 Mar 2018 10:43:39 GMT" time="0.022" errors="0">
  <testcase name="stringCom" time="0.022" classname="testng.ValidationTest"/>
</testsuite> <!-- testng.ValidationTest -->
