<?xml version="1.0" encoding="UTF-8"?>
<!-- Generated by org.testng.reporters.JUnitReportReporter -->
<testsuite hostname="vasu-PC" name="testng.EmpListTest" tests="1" failures="0" timestamp="7 Mar 2018 10:40:49 GMT" time="3.394" errors="0">
  <testcase name="empList" time="3.394" classname="testng.EmpListTest"/>
</testsuite> <!-- testng.EmpListTest -->
